<?xml version="1.0" encoding="utf-8"?><testsuites name="pytest tests"><testsuite name="pytest" errors="0" failures="0" skipped="3" tests="296" time="448.107" timestamp="2026-07-16T19:23:35.898172+00:00" hostname="fc9299c87b74"><testcase classname="tests.e2e.test_action_status_e2e" name="test_update_action_status_with_valid_enum_values" time="3.373" /><testcase classname="tests.e2e.test_action_status_e2e" name="test_update_action_status_rejects_invalid_values" time="2.143" /><testcase classname="tests.e2e.test_action_status_e2e" name="test_update_action_status_audit_logging_iso27001" time="1.155" /><testcase classname="tests.e2e.test_action_status_e2e" name="test_update_action_status_n8n_webhook_integration" time="0.000"><skipped type="pytest.skip" message="N8N mocking does not work across process boundaries in E2E; use unit tests instead">/app/tests/e2e/test_action_status_e2e.py:190: N8N mocking does not work across process boundaries in E2E; use unit tests instead</skipped></testcase><testcase classname="tests.e2e.test_action_status_e2e" name="test_action_status_never_stores_invalid_enum_in_db" time="0.988" /><testcase classname="tests.e2e.test_assignee_resolver.TestDoubleMetaphone" name="test_empty_string" time="0.004" /><testcase classname="tests.e2e.test_assignee_resolver.TestDoubleMetaphone" name="test_simple_name" time="0.002" /><testcase classname="tests.e2e.test_assignee_resolver.TestDoubleMetaphone" name="test_phonetic_variants_same_code" time="0.002" /><testcase classname="tests.e2e.test_assignee_resolver.TestDoubleMetaphone" name="test_abdelkader_variants" time="0.002" /><testcase classname="tests.e2e.test_assignee_resolver.TestPhoneticMatch" name="test_exact_match" time="0.002" /><testcase classname="tests.e2e.test_assignee_resolver.TestPhoneticMatch" name="test_case_insensitive" time="0.002" /><testcase classname="tests.e2e.test_assignee_resolver.TestPhoneticMatch" name="test_phonetic_variants" time="0.002" /><testcase classname="tests.e2e.test_assignee_resolver.TestPhoneticMatch" name="test_abdelkader_variants" time="0.002" /><testcase classname="tests.e2e.test_assignee_resolver.TestPhoneticMatch" name="test_unrelated_names" time="0.002" /><testcase classname="tests.e2e.test_assignee_resolver.TestPhoneticMatch" name="test_empty_names" time="0.002" /><testcase classname="tests.e2e.test_assignee_resolver.TestPhoneticCandidates" name="test_find_phonetic_match" time="0.002" /><testcase classname="tests.e2e.test_assignee_resolver.TestPhoneticCandidates" name="test_no_match" time="0.002" /><testcase classname="tests.e2e.test_assignee_resolver.TestPhoneticCandidates" name="test_sorted_by_score" time="0.002" /><testcase classname="tests.e2e.test_assignee_resolver.TestAssigneeResolver" name="test_speaker_mapping_exact" time="0.002" /><testcase classname="tests.e2e.test_assignee_resolver.TestAssigneeResolver" name="test_speaker_mapping_phonetic" time="0.002" /><testcase classname="tests.e2e.test_assignee_resolver.TestAssigneeResolver" name="test_participant_exact" time="0.002" /><testcase classname="tests.e2e.test_assignee_resolver.TestAssigneeResolver" name="test_phonetic_match" time="0.002" /><testcase classname="tests.e2e.test_assignee_resolver.TestAssigneeResolver" name="test_invalid_assignee" time="0.002" /><testcase classname="tests.e2e.test_assignee_resolver.TestAssigneeResolver" name="test_invalid_assignee_single_speaker" time="0.002" /><testcase classname="tests.e2e.test_assignee_resolver.TestAssigneeResolver" name="test_external_email" time="0.003" /><testcase classname="tests.e2e.test_assignee_resolver.TestAssigneeResolver" name="test_external_name" time="0.002" /><testcase classname="tests.e2e.test_assignee_resolver.TestAssigneeResolver" name="test_single_speaker_fallback" time="0.002" /><testcase classname="tests.e2e.test_assignee_resolver.TestAssigneeResolver" name="test_null_assignee" time="0.002" /><testcase classname="tests.e2e.test_assignee_resolver.TestAssigneeResolver" name="test_empty_assignee" time="0.002" /><testcase classname="tests.e2e.test_assignee_resolver.TestAssigneeResolver" name="test_fuzzy_match" time="0.002" /><testcase classname="tests.e2e.test_assignee_resolver.TestAssigneeResolution" name="test_to_dict" time="0.002" /><testcase classname="tests.e2e.test_assignee_resolver.TestAssigneeResolution" name="test_ambiguous_resolution" time="0.002" /><testcase classname="tests.e2e.test_cms_pricing_connection" name="test_c1_pricing_plan_model_has_new_fields" time="0.002" /><testcase classname="tests.e2e.test_cms_pricing_connection" name="test_c2_client_service_reads_from_cms" time="0.005" /><testcase classname="tests.e2e.test_cms_pricing_connection" name="test_c3_billing_service_has_cms_method" time="0.003" /><testcase classname="tests.e2e.test_cms_pricing_connection" name="test_c4_pricing_plan_schema_has_new_fields" time="0.002" /><testcase classname="tests.e2e.test_cms_pricing_connection" name="test_c5_default_plan_minutes_fallback" time="0.002" /><testcase classname="tests.e2e.test_cms_pricing_connection" name="test_c6_default_plan_config_fallback" time="0.002" /><testcase classname="tests.e2e.test_cms_pricing_connection" name="test_c7_handle_stripe_webhook_uses_cms" time="0.004" /><testcase classname="tests.e2e.test_frontend_pricing" name="test_f1_billing_panel_has_pricing_interface" time="0.002" /><testcase classname="tests.e2e.test_frontend_pricing" name="test_f2_billing_panel_has_get_price_function" time="0.002" /><testcase classname="tests.e2e.test_frontend_pricing" name="test_f3_billing_panel_fetches_cms_pricing" time="0.002" /><testcase classname="tests.e2e.test_frontend_pricing" name="test_f4_billing_panel_uses_dynamic_prices" time="0.003" /><testcase classname="tests.e2e.test_intelligent_speaker_assignment" name="test_speaker_mappings_used_for_assignment" time="0.126" /><testcase classname="tests.e2e.test_intelligent_speaker_assignment" name="test_assignment_priority_order" time="0.128" /><testcase classname="tests.e2e.test_intelligent_speaker_assignment" name="test_mistral_assignee_validation" time="0.123" /><testcase classname="tests.e2e.test_intelligent_speaker_assignment" name="test_audit_logs_for_pv_creation" time="0.138" /><testcase classname="tests.e2e.test_intelligent_speaker_assignment" name="test_audit_logs_for_action_assignment" time="0.138" /><testcase classname="tests.e2e.test_intelligent_speaker_assignment" name="test_learn_from_feedback_resolves_user" time="0.125" /><testcase classname="tests.e2e.test_intelligent_speaker_assignment" name="test_learn_from_feedback_imports" time="0.130" /><testcase classname="tests.e2e.test_intelligent_speaker_assignment" name="test_save_pv_and_actions_with_speaker_mappings_integration" time="0.622" /><testcase classname="tests.e2e.test_intelligent_speaker_assignment" name="test_save_pv_and_actions_fallback_to_ilike" time="0.599" /><testcase classname="tests.e2e.test_intelligent_speaker_assignment" name="test_save_pv_and_actions_external_assignment" time="0.540" /><testcase classname="tests.e2e.test_intelligent_speaker_assignment" name="test_learn_from_feedback_user_match" time="1.457" /><testcase classname="tests.e2e.test_intelligent_speaker_assignment" name="test_learn_from_feedback_external_fallback" time="0.721" /><testcase classname="tests.e2e.test_intelligent_speaker_assignment" name="test_speaker_resolved_name_column" time="0.543" /><testcase classname="tests.e2e.test_intelligent_speaker_assignment" name="test_learn_from_feedback_null_assignee_single_speaker" time="0.837" /><testcase classname="tests.e2e.test_intelligent_speaker_assignment" name="test_learn_from_feedback_uses_resolved_name" time="0.831" /><testcase classname="tests.e2e.test_intelligent_speaker_assignment" name="test_learn_from_feedback_transcript_segment_match" time="5.100" /><testcase classname="tests.e2e.test_invitation_e2e.TestInvitationE2E" name="test_complete_invitation_flow" time="1.464" /><testcase classname="tests.e2e.test_invitation_e2e.TestInvitationE2E" name="test_expired_token_cannot_be_used" time="0.554" /><testcase classname="tests.e2e.test_invitation_e2e.TestInvitationE2E" name="test_invalid_token_rejected" time="0.235" /><testcase classname="tests.e2e.test_invitation_e2e.TestInvitationE2E" name="test_double_activation_prevented" time="1.457" /><testcase classname="tests.e2e.test_invitation_e2e.TestInvitationE2E" name="test_pending_user_cannot_login" time="0.875" /><testcase classname="tests.e2e.test_livekit_integration" name="test_livekit_token_endpoint" time="0.897" /><testcase classname="tests.e2e.test_livekit_integration" name="test_livekit_start_recording" time="0.959" /><testcase classname="tests.e2e.test_livekit_integration" name="test_livekit_webhook_egress_completed" time="0.018" /><testcase classname="tests.e2e.test_livekit_integration" name="test_livekit_webhook_unauthorized" time="0.018" /><testcase classname="tests.e2e.test_livekit_integration" name="test_livekit_webhook_unknown_event" time="0.017" /><testcase classname="tests.e2e.test_livekit_integration" name="test_livekit_meeting_creates_room" time="0.674" /><testcase classname="tests.e2e.test_livekit_integration" name="test_livekit_token_response_structure" time="0.852" /><testcase classname="tests.e2e.test_livekit_integration" name="test_livekit_recording_status_idle" time="0.770" /><testcase classname="tests.e2e.test_livekit_integration" name="test_livekit_stop_recording_no_active" time="0.818" /><testcase classname="tests.e2e.test_livekit_integration" name="test_livekit_stop_recording_requires_auth" time="0.765" /><testcase classname="tests.e2e.test_meeting_creation_flow" name="test_create_meeting_basic" time="0.716" /><testcase classname="tests.e2e.test_meeting_creation_flow" name="test_create_meeting_with_participants" time="0.716" /><testcase classname="tests.e2e.test_meeting_creation_flow" name="test_create_meeting_requires_auth" time="0.020" /><testcase classname="tests.e2e.test_meeting_creation_flow" name="test_create_meeting_missing_required_fields" time="0.583" /><testcase classname="tests.e2e.test_meeting_creation_flow" name="test_create_meeting_invalid_time_range" time="0.590" /><testcase classname="tests.e2e.test_meeting_creation_flow" name="test_meeting_fixture_works" time="0.663" /><testcase classname="tests.e2e.test_meeting_creation_flow" name="test_meeting_list_includes_created" time="0.914" /><testcase classname="tests.e2e.test_meeting_creation_flow" name="test_get_meeting_by_id" time="0.790" /><testcase classname="tests.e2e.test_minutes_usage" name="test_m1_record_usage_function_exists" time="0.004" /><testcase classname="tests.e2e.test_minutes_usage" name="test_m2_record_minutes_usage_called_in_pipeline" time="0.007" /><testcase classname="tests.e2e.test_minutes_usage" name="test_m3_record_minutes_usage_function_exists" time="0.003" /><testcase classname="tests.e2e.test_minutes_usage" name="test_m5_minutes_calculation_from_segments" time="0.018" /><testcase classname="tests.e2e.test_minutes_usage" name="test_m6_zero_segments_no_minutes_recorded" time="0.008" /><testcase classname="tests.e2e.test_minutes_usage" name="test_m7_record_minutes_usage_calculates_correct_minutes" time="0.003" /><testcase classname="tests.e2e.test_minutes_usage" name="test_m8_billing_service_record_usage_signature" time="0.003" /><testcase classname="tests.e2e.test_n8n_webhook_integration" name="test_n8n_webhook_on_transcription_completion" time="2.541" /><testcase classname="tests.e2e.test_n8n_webhook_integration" name="test_n8n_webhook_on_action_status_update" time="1.123" /><testcase classname="tests.e2e.test_p0_deleted_at_user" name="test_user_deleted_at_field_exists" time="0.171" /><testcase classname="tests.e2e.test_p0_deleted_at_user" name="test_cross_tenant_validation_with_deleted_at" time="0.192" /><testcase classname="tests.e2e.test_p0_deleted_at_user" name="test_user_soft_delete" time="0.226" /><testcase classname="tests.e2e.test_phase175_fallback_plan_switch" name="test_fallback_switch_plan_without_stripe" time="0.374" /><testcase classname="tests.e2e.test_phase175_fallback_plan_switch" name="test_fallback_switch_plan_idempotent_for_same_plan" time="0.487" /><testcase classname="tests.e2e.test_phase1_fixes.TestPhase1Fixes" name="test_fix_8_cross_tenant_user_validation" time="0.203" /><testcase classname="tests.e2e.test_phase1_fixes.TestPhase1Fixes" name="test_fix_1_recording_access_validation" time="0.199" /><testcase classname="tests.e2e.test_phase1_fixes.TestPhase1Fixes" name="test_fix_9_token_validation_soft_delete" time="0.213" /><testcase classname="tests.e2e.test_phase1_simple.TestPhase1Fixes" name="test_phase1_all_fixes" time="0.293" /><testcase classname="tests.e2e.test_phase1_working.TestPhase1Fixes" name="test_phase1_fixes" time="0.304" /><testcase classname="tests.e2e.test_phase2_team_management" name="test_p21_register_deletes_existing_team_member" time="0.780" /><testcase classname="tests.e2e.test_phase2_team_management" name="test_p21_register_rejects_duplicate_email" time="0.723" /><testcase classname="tests.e2e.test_phase2_team_management" name="test_p22_team_member_has_secure_placeholder_password" time="1.432" /><testcase classname="tests.e2e.test_phase2_team_management" name="test_p22_pending_user_cannot_login_before_activation" time="0.847" /><testcase classname="tests.e2e.test_phase2_team_management" name="test_p23_non_creator_cannot_update_meeting" time="1.067" /><testcase classname="tests.e2e.test_phase2_team_management" name="test_p23_creator_can_update_meeting" time="0.670" /><testcase classname="tests.e2e.test_phase2_team_management" name="test_p23_admin_can_update_any_meeting" time="0.920" /><testcase classname="tests.e2e.test_phase2_team_management" name="test_p24_meeting_end_time_must_be_after_start_time" time="0.459" /><testcase classname="tests.e2e.test_phase2_team_management" name="test_p24_meeting_with_null_end_time_is_allowed" time="0.533" /><testcase classname="tests.e2e.test_phase2_team_management" name="test_p25_duplicate_participant_email_rejected" time="0.458" /><testcase classname="tests.e2e.test_phase2_team_management" name="test_p25_same_email_different_meetings_allowed" time="0.512" /><testcase classname="tests.e2e.test_phase3_meeting_lifecycle" name="test_p31_meeting_status_change_triggers_webhook" time="0.592" /><testcase classname="tests.e2e.test_phase3_meeting_lifecycle" name="test_p31_cancelled_meeting_triggers_webhook" time="0.599" /><testcase classname="tests.e2e.test_phase3_meeting_lifecycle" name="test_p32_non_creator_cannot_update_meeting" time="0.816" /><testcase classname="tests.e2e.test_phase3_meeting_lifecycle" name="test_p32_creator_can_update_meeting" time="0.645" /><testcase classname="tests.e2e.test_phase3_meeting_lifecycle" name="test_p33_end_time_must_be_after_start_time" time="0.504" /><testcase classname="tests.e2e.test_phase3_meeting_lifecycle" name="test_p33_end_time_can_be_null" time="0.570" /><testcase classname="tests.e2e.test_phase3_meeting_lifecycle" name="test_p34_duplicate_participant_email_rejected" time="0.575" /><testcase classname="tests.e2e.test_phase3_meeting_lifecycle" name="test_p34_same_email_different_meetings_allowed" time="0.509" /><testcase classname="tests.e2e.test_phase4_ai_pipeline" name="test_p42_celery_task_has_retry_config" time="0.003" /><testcase classname="tests.e2e.test_phase4_ai_pipeline" name="test_p42_celery_exponential_backoff" time="0.002" /><testcase classname="tests.e2e.test_phase4_ai_pipeline" name="test_p41_error_handling_with_rollback" time="0.008" /><testcase classname="tests.e2e.test_phase4_ai_pipeline" name="test_p43_temp_file_cleanup_in_finally" time="0.008" /><testcase classname="tests.e2e.test_phase4_ai_pipeline" name="test_p41_recording_status_change_points" time="0.009" /><testcase classname="tests.e2e.test_phase4_ai_pipeline" name="test_p44_after_upload_webhook_configured" time="0.002" /><testcase classname="tests.e2e.test_phase4_ai_pipeline" name="test_p44_recording_service_has_after_upload" time="0.002" /><testcase classname="tests.e2e.test_phase4_ai_pipeline" name="test_p41_publish_status_called_on_error" time="0.008" /><testcase classname="tests.e2e.test_phase4_ai_pipeline" name="test_p41_exception_reraised_for_celery" time="0.008" /><testcase classname="tests.e2e.test_phase4_ai_pipeline" name="test_p43_error_handling_in_cleanup" time="0.008" /><testcase classname="tests.e2e.test_phase4_ai_pipeline" name="test_p41_gladia_failure_triggers_rollback" time="0.009" /><testcase classname="tests.e2e.test_phase4_ai_pipeline" name="test_p42_retry_backoff_max_reasonable" time="0.003" /><testcase classname="tests.e2e.test_phase4_ai_pipeline" name="test_p42_max_retries_reasonable" time="0.002" /><testcase classname="tests.e2e.test_phase4_ai_pipeline" name="test_p44_n8n_completion_webhook_exists" time="0.002" /><testcase classname="tests.e2e.test_phase4_ai_pipeline" name="test_p41_redis_status_published" time="0.008" /><testcase classname="tests.e2e.test_phase5_action_assignment" name="test_p15_fuzzy_matching_implemented" time="0.126" /><testcase classname="tests.e2e.test_phase5_action_assignment" name="test_p15_assignment_creation_in_save_pv" time="0.172" /><testcase classname="tests.e2e.test_phase5_action_assignment" name="test_p15_external_assignment_fallback" time="0.144" /><testcase classname="tests.e2e.test_phase5_action_assignment" name="test_p15_assignee_name_extraction" time="0.127" /><testcase classname="tests.e2e.test_phase5_action_assignment" name="test_p19_completed_at_set_on_completion" time="0.125" /><testcase classname="tests.e2e.test_phase5_action_assignment" name="test_p19_completed_at_timestamp" time="0.125" /><testcase classname="tests.e2e.test_phase5_action_assignment" name="test_p28_indices_exist" time="0.170" /><testcase classname="tests.e2e.test_phase5_action_assignment" name="test_p28_actions_meeting_status_index" time="0.168" /><testcase classname="tests.e2e.test_phase5_action_assignment" name="test_p28_action_assignments_user_id_index" time="0.173" /><testcase classname="tests.e2e.test_phase5_action_assignment" name="test_p28_recordings_meeting_status_index" time="0.167" /><testcase classname="tests.e2e.test_phase5_action_assignment" name="test_p15_fuzzy_matching_order" time="0.130" /><testcase classname="tests.e2e.test_phase5_action_assignment" name="test_p15_client_id_isolation_in_fuzzy_match" time="0.126" /><testcase classname="tests.e2e.test_phase5_action_assignment" name="test_p15_assignments_linked_to_action" time="0.141" /><testcase classname="tests.e2e.test_phase5_action_assignment" name="test_p15_handles_missing_assignee" time="0.146" /><testcase classname="tests.e2e.test_phase5_action_assignment" name="test_p19_only_completed_sets_timestamp" time="0.129" /><testcase classname="tests.e2e.test_phase5_action_assignment" name="test_p15_pv_data_structure" time="0.141" /><testcase classname="tests.e2e.test_phase5_action_assignment" name="test_p15_action_title_from_description" time="0.148" /><testcase classname="tests.e2e.test_phase5_action_assignment" name="test_p15_deadline_parsing" time="0.132" /><testcase classname="tests.e2e.test_phase5_action_assignment" name="test_p15_action_status_pending_on_create" time="0.126" /><testcase classname="tests.e2e.test_phase5_action_assignment" name="test_p28_indices_have_correct_columns" time="0.170" /><testcase classname="tests.e2e.test_phase5_action_assignment" name="test_p15_assignments_model_structure" time="0.003" /><testcase classname="tests.e2e.test_phase5_action_assignment" name="test_p19_action_model_has_completed_at" time="0.002" /><testcase classname="tests.e2e.test_phase5_action_assignment" name="test_p15_fuzzy_matching_case_insensitive" time="0.127" /><testcase classname="tests.e2e.test_phase5_action_assignment" name="test_p28_index_performance_benefit" time="0.171" /><testcase classname="tests.e2e.test_phase5_action_assignment" name="test_p19_assignment_creation_context" time="0.129" /><testcase classname="tests.e2e.test_phase6_n8n_automation" name="test_p30_meeting_status_change_method_exists" time="0.120" /><testcase classname="tests.e2e.test_phase6_n8n_automation" name="test_p30_meeting_status_change_implementation" time="0.121" /><testcase classname="tests.e2e.test_phase6_n8n_automation" name="test_p30_meeting_status_change_has_audit_log" time="0.124" /><testcase classname="tests.e2e.test_phase6_n8n_automation" name="test_p30_update_meeting_calls_status_webhook" time="0.140" /><testcase classname="tests.e2e.test_phase6_n8n_automation" name="test_p31_after_upload_method_exists" time="0.126" /><testcase classname="tests.e2e.test_phase6_n8n_automation" name="test_p31_after_upload_implementation" time="0.123" /><testcase classname="tests.e2e.test_phase6_n8n_automation" name="test_p31_upload_recording_calls_after_upload" time="0.127" /><testcase classname="tests.e2e.test_phase6_n8n_automation" name="test_p32_n8n_meetings_table_exists" time="0.172" /><testcase classname="tests.e2e.test_phase6_n8n_automation" name="test_p32_n8n_meetings_columns" time="0.175" /><testcase classname="tests.e2e.test_phase6_n8n_automation" name="test_p33_n8n_webhook_configs_exist" time="0.121" /><testcase classname="tests.e2e.test_phase6_n8n_automation" name="test_p33_webhook_urls_are_valid" time="0.120" /><testcase classname="tests.e2e.test_phase6_n8n_automation" name="test_p34_meeting_created_webhook_exists" time="0.123" /><testcase classname="tests.e2e.test_phase6_n8n_automation" name="test_p34_meeting_created_implementation" time="0.123" /><testcase classname="tests.e2e.test_phase6_n8n_automation" name="test_p34_create_meeting_calls_webhook" time="0.126" /><testcase classname="tests.e2e.test_phase6_n8n_automation" name="test_p35_transcription_webhook_called" time="0.126"><skipped type="pytest.skip" message="Transcription webhook might be in separate module or use different pattern">/app/tests/e2e/test_phase6_n8n_automation.py:231: Transcription webhook might be in separate module or use different pattern</skipped></testcase><testcase classname="tests.e2e.test_phase6_n8n_automation" name="test_p36_webhook_respects_client_isolation" time="0.140" /><testcase classname="tests.e2e.test_phase6_n8n_automation" name="test_p37_webhook_has_error_handling" time="0.138" /><testcase classname="tests.e2e.test_phase6_n8n_automation" name="test_p38_webhook_does_not_block_on_failure" time="0.142" /><testcase classname="tests.e2e.test_phase6_n8n_automation" name="test_p39_user_invited_webhook_exists" time="0.147" /><testcase classname="tests.e2e.test_phase6_n8n_automation" name="test_p40_phase6_summary" time="0.370" /><testcase classname="tests.e2e.test_phase78_sentinel_feature_gate" name="test_phase78_gratuit_skips_sentinel" time="3.434" /><testcase classname="tests.e2e.test_phase78_sentinel_feature_gate" name="test_phase78_pro_uses_sentinel" time="36.514" /><testcase classname="tests.e2e.test_phase78_sentinel_feature_gate" name="test_phase78_entreprise_uses_sentinel" time="2.334" /><testcase classname="tests.e2e.test_phase78_sentinel_feature_gate" name="test_phase78_unknown_client_uses_sentinel" time="2.513" /><testcase classname="tests.e2e.test_phase79_livekit_speaker_identity" name="test_phase79_single_room_participant" time="0.213" /><testcase classname="tests.e2e.test_phase79_livekit_speaker_identity" name="test_phase79_speaker_mentions_name" time="0.229" /><testcase classname="tests.e2e.test_phase79_livekit_speaker_identity" name="test_phase79_no_room_fallback" time="0.202" /><testcase classname="tests.e2e.test_phase79_livekit_speaker_identity" name="test_phase79_text_match_from_participants" time="0.209" /><testcase classname="tests.e2e.test_phase79_livekit_speaker_identity" name="test_phase79_two_speakers_one_room" time="35.531" /><testcase classname="tests.e2e.test_phase7_minio_integration.TestPhase7MinIOIntegration" name="test_upload_recording_creates_client_id_prefix" time="0.519" /><testcase classname="tests.e2e.test_phase7_minio_integration.TestPhase7MinIOIntegration" name="test_stream_recording_creates_client_id_prefix" time="0.348" /><testcase classname="tests.e2e.test_phase7_minio_integration.TestPhase7MinIOIntegration" name="test_presigned_upload_url_generation" time="0.278" /><testcase classname="tests.e2e.test_phase7_minio_integration.TestPhase7MinIOIntegration" name="test_presigned_download_url_generation" time="0.304" /><testcase classname="tests.e2e.test_phase7_minio_integration.TestPhase7MinIOIntegration" name="test_api_presigned_upload_url_endpoint" time="0.459" /><testcase classname="tests.e2e.test_phase7_minio_integration.TestPhase7MinIOIntegration" name="test_api_presigned_download_url_endpoint" time="0.392" /><testcase classname="tests.e2e.test_phase7_minio_integration.TestPhase7MinIOIntegration" name="test_cross_tenant_isolation_upload_url" time="0.461" /><testcase classname="tests.e2e.test_phase7_minio_integration.TestPhase7MinIOIntegration" name="test_recording_not_found_returns_404" time="0.334" /><testcase classname="tests.e2e.test_phase7_minio_integration.TestPhase7MinIOIntegration" name="test_onlyoffice_config_uses_public_url" time="0.187" /><testcase classname="tests.e2e.test_phase7_minio_integration.TestPhase7MinIOIntegration" name="test_recording_file_key_format_validation" time="0.457" /><testcase classname="tests.e2e.test_phase7_minio_integration.TestPhase7MinIOIntegration" name="test_presigned_url_expiry_configuration" time="0.278" /><testcase classname="tests.e2e.test_phase7_minio_integration.TestPhase7MinIOIntegration" name="test_audit_logging_for_presigned_url_generation" time="0.266" /><testcase classname="tests.e2e.test_phase7_minio_integration.TestPhase7MinIOIntegration" name="test_meeting_client_id_isolation_in_presigned_endpoint" time="0.584" /><testcase classname="tests.e2e.test_phase7_minio_integration.TestPhase7MinioBucketPolicy" name="test_minio_bucket_private_by_default" time="0.004" /><testcase classname="tests.e2e.test_phase7_minio_integration.TestPhase7MinioBucketPolicy" name="test_client_id_prefix_prevents_path_traversal" time="0.271" /><testcase classname="tests.e2e.test_phase8_01_onnx_model_loading" name="test_phase8_01_onnx_model_loading" time="0.169" /><testcase classname="tests.e2e.test_phase8_01_onnx_model_loading" name="test_phase8_02_embedding_extraction" time="20.039" /><testcase classname="tests.e2e.test_phase8_01_onnx_model_loading" name="test_phase8_03_embedding_from_bytes" time="0.454" /><testcase classname="tests.e2e.test_phase8_01_onnx_model_loading" name="test_phase8_04_embedding_too_short_audio" time="0.197" /><testcase classname="tests.e2e.test_phase8_01_onnx_model_loading" name="test_phase8_05_singleton_pattern" time="0.164" /><testcase classname="tests.e2e.test_phase8_02_speaker_profile" name="test_phase8_06_create_speaker_profile" time="0.214" /><testcase classname="tests.e2e.test_phase8_02_speaker_profile" name="test_phase8_07_get_profiles" time="0.190" /><testcase classname="tests.e2e.test_phase8_02_speaker_profile" name="test_phase8_08_match_speaker_high_confidence" time="0.230" /><testcase classname="tests.e2e.test_phase8_02_speaker_profile" name="test_phase8_09_match_speaker_no_match" time="0.191" /><testcase classname="tests.e2e.test_phase8_02_speaker_profile" name="test_phase8_10_update_profile_embedding" time="0.199" /><testcase classname="tests.e2e.test_phase8_02_speaker_profile" name="test_phase8_12_tenant_isolation" time="0.192" /><testcase classname="tests.e2e.test_phase8_03_audio_segments" name="test_phase8_13_group_by_speaker" time="0.003" /><testcase classname="tests.e2e.test_phase8_03_audio_segments" name="test_phase8_14_extract_speaker_segments" time="0.376" /><testcase classname="tests.e2e.test_phase8_03_audio_segments" name="test_phase8_15_extract_embeddings" time="4.217" /><testcase classname="tests.e2e.test_phase8_03_audio_segments" name="test_phase8_16_skip_short_speaker" time="0.173" /><testcase classname="tests.e2e.test_phase8_03_audio_segments" name="test_phase8_17_cleanup_temp_files" time="0.004" /><testcase classname="tests.e2e.test_phase8_04_cosine_matching" name="test_phase8_18_enroll_and_match_same_speaker" time="1.073" /><testcase classname="tests.e2e.test_phase8_04_cosine_matching" name="test_phase8_19_enroll_and_match_different_speaker" time="1.352"><skipped type="pytest.xfail" message="ONNX model trained on speech — synthetic audio produces degenerate embeddings. Requires model retraining with corrected fbank features (Phase 157 RC1 Provenance)." /></testcase><testcase classname="tests.e2e.test_phase8_04_cosine_matching" name="test_phase8_20_multi_speaker_matching" time="1.559" /><testcase classname="tests.e2e.test_phase8_04_cosine_matching" name="test_phase8_21_no_profiles_returns_no_match" time="0.819" /><testcase classname="tests.e2e.test_phase8_05_mistral_fusion" name="test_phase8_22_fusion_high_audio_confidence" time="0.005" /><testcase classname="tests.e2e.test_phase8_05_mistral_fusion" name="test_phase8_23_fusion_resolves_ambiguous_audio" time="0.004" /><testcase classname="tests.e2e.test_phase8_05_mistral_fusion" name="test_phase8_24_text_only_inference" time="0.005" /><testcase classname="tests.e2e.test_phase8_05_mistral_fusion" name="test_phase8_25_no_match_returns_none" time="0.003" /><testcase classname="tests.e2e.test_phase8_05_mistral_fusion" name="test_phase8_26_fusion_fallback_to_audio" time="0.004" /><testcase classname="tests.e2e.test_phase8_05_mistral_fusion" name="test_phase8_27_fusion_invalid_json_response" time="0.006" /><testcase classname="tests.e2e.test_phase8_06_auto_enrollment" name="test_phase8_28_auto_enroll_new_speaker" time="0.012" /><testcase classname="tests.e2e.test_phase8_06_auto_enrollment" name="test_phase8_29_update_existing_speaker" time="0.011" /><testcase classname="tests.e2e.test_phase8_06_auto_enrollment" name="test_phase8_30_skip_low_confidence" time="0.027" /><testcase classname="tests.e2e.test_phase8_06_auto_enrollment" name="test_phase8_31_batch_enrollment" time="0.008" /><testcase classname="tests.e2e.test_phase8_07_pipeline_integration" name="test_phase8_32_identify_speakers_full_pipeline" time="0.015" /><testcase classname="tests.e2e.test_phase8_07_pipeline_integration" name="test_phase8_33_identify_speakers_no_segments" time="0.006" /><testcase classname="tests.e2e.test_phase8_07_pipeline_integration" name="test_phase8_34_identify_speakers_embedding_unavailable" time="0.014" /><testcase classname="tests.e2e.test_phase96_rate_limiting" name="test_scenario_gratuit_api_flood" time="0.839" /><testcase classname="tests.e2e.test_phase96_rate_limiting" name="test_scenario_recording_flood" time="0.779" /><testcase classname="tests.e2e.test_phase96_rate_limiting" name="test_scenario_plan_limits_are_correct" time="0.004" /><testcase classname="tests.e2e.test_phase96_rate_limiting" name="test_scenario_http_429_response_format" time="0.725" /><testcase classname="tests.e2e.test_pipeline_fixes.TestGladiaMimeType" name="test_mime_type_detection_wav" time="0.003" /><testcase classname="tests.e2e.test_pipeline_fixes.TestGladiaMimeType" name="test_mime_type_detection_mp3" time="0.002" /><testcase classname="tests.e2e.test_pipeline_fixes.TestGladiaMimeType" name="test_mime_type_fallback" time="0.002" /><testcase classname="tests.e2e.test_pipeline_fixes.TestCosineDistance" name="test_identical_embeddings_zero_distance" time="0.002" /><testcase classname="tests.e2e.test_pipeline_fixes.TestCosineDistance" name="test_orthogonal_embeddings_unit_distance" time="0.002" /><testcase classname="tests.e2e.test_pipeline_fixes.TestCosineDistance" name="test_cosine_distance_thresholds" time="0.002" /><testcase classname="tests.e2e.test_pipeline_fixes.TestCosineDistance" name="test_confidence_levels" time="0.002" /><testcase classname="tests.e2e.test_pipeline_fixes.TestTranscriptImmutability" name="test_display_copy_preserves_original" time="0.002" /><testcase classname="tests.e2e.test_pipeline_fixes.TestConfidenceNormalization" name="test_single_signal_no_penalty" time="0.003" /><testcase classname="tests.e2e.test_pipeline_fixes.TestConfidenceNormalization" name="test_consensus_bonus" time="0.002" /><testcase classname="tests.e2e.test_pipeline_fixes.TestConfidenceNormalization" name="test_conflict_penalty" time="0.002" /><testcase classname="tests.e2e.test_pipeline_fixes.TestSingleSpeakerContextAware" name="test_context_reject_patterns" time="0.002" /><testcase classname="tests.e2e.test_pipeline_fixes.TestSingleSpeakerContextAware" name="test_context_valid_assignee" time="0.004" /><testcase classname="tests.e2e.test_pipeline_fixes.TestSentinelSemaphore" name="test_semaphore_allows_concurrent" time="0.017" /><testcase classname="tests.e2e.test_pipeline_fixes.TestPVSchemaValidation" name="test_missing_keys_filled" time="0.003" /><testcase classname="tests.e2e.test_pipeline_fixes.TestPVSchemaValidation" name="test_invalid_actions_removed" time="0.003" /><testcase classname="tests.e2e.test_pipeline_fixes.TestPVSchemaValidation" name="test_valid_pv_unchanged" time="0.003" /><testcase classname="tests.e2e.test_pipeline_fixes.TestSoftDeletedUserFilter" name="test_deleted_at_filter_in_query" time="0.008" /><testcase classname="tests.e2e.test_pipeline_fixes.TestUnifiedFuzzyThreshold" name="test_threshold_is_60" time="0.007" /><testcase classname="tests.e2e.test_placeholder" name="test_placeholder" time="0.003" /><testcase classname="tests.e2e.test_pv_generation_flow" name="test_automatic_pv_generation_from_transcription" time="4.001" /><testcase classname="tests.e2e.test_pv_generation_flow" name="test_get_pv_by_meeting" time="2.489" /><testcase classname="tests.e2e.test_pv_generation_flow" name="test_get_pv_by_id" time="20.586" /><testcase classname="tests.e2e.test_pv_generation_flow" name="test_validate_pv" time="2.941" /><testcase classname="tests.e2e.test_pv_generation_flow" name="test_validate_pv_response_status" time="36.998" /><testcase classname="tests.e2e.test_pv_generation_flow" name="test_validate_pv_idempotent" time="18.010" /><testcase classname="tests.e2e.test_pv_generation_flow" name="test_update_pv" time="3.111" /><testcase classname="tests.e2e.test_pv_generation_flow" name="test_pv_versioning_creates_snapshots" time="37.741" /><testcase classname="tests.e2e.test_pv_generation_flow" name="test_pv_download_endpoints_require_validation" time="18.603" /><testcase classname="tests.e2e.test_real_saas_pipeline.TestRealSaasPipeline" name="test_01_dg_login_with_real_credentials" time="0.497" /><testcase classname="tests.e2e.test_real_saas_pipeline.TestRealSaasPipeline" name="test_02_dg_creates_team_members" time="0.965" /><testcase classname="tests.e2e.test_real_saas_pipeline.TestRealSaasPipeline" name="test_03_team_member_activates_account" time="1.444" /><testcase classname="tests.e2e.test_real_saas_pipeline.TestRealSaasPipeline" name="test_04_dg_creates_meeting_in_room" time="0.723" /><testcase classname="tests.e2e.test_real_saas_pipeline.TestRealSaasPipeline" name="test_05_dg_invites_team_members_to_meeting" time="1.004" /><testcase classname="tests.e2e.test_real_saas_pipeline.TestRealSaasPipeline" name="test_06_meeting_starts_and_audio_uploaded" time="0.272" /><testcase classname="tests.e2e.test_real_saas_pipeline.TestRealSaasPipeline" name="test_07_transcription_webhook_callback" time="0.388" /><testcase classname="tests.e2e.test_real_saas_pipeline.TestRealSaasPipeline" name="test_08_pv_generation_and_distribution" time="0.707" /><testcase classname="tests.e2e.test_real_saas_pipeline.TestRealSaasPipeline" name="test_09_verify_multi_tenant_isolation" time="0.926" /><testcase classname="tests.e2e.test_real_saas_pipeline.TestRealSaasPipeline" name="test_10_audit_logging_iso_27001" time="0.176" /><testcase classname="tests.e2e.test_real_saas_pipeline.TestRealSaasPipeline" name="test_11_audio_counter_synchronization" time="4.167" /><testcase classname="tests.e2e.test_recording_transcription_pipeline" name="test_full_recording_transcription_pipeline" time="2.448" /><testcase classname="tests.e2e.test_recording_transcription_pipeline" name="test_recording_upload_success" time="1.229" /><testcase classname="tests.e2e.test_recording_transcription_pipeline" name="test_transcription_uses_mocked_gladia" time="37.101" /><testcase classname="tests.e2e.test_recording_transcription_pipeline" name="test_pv_generated_from_transcription" time="7.796" /><testcase classname="tests.e2e.test_recording_transcription_pipeline" name="test_actions_extracted_from_pv" time="2.432" /><testcase classname="tests.e2e.test_recording_transcription_pipeline" name="test_n8n_webhook_notified_on_completion" time="36.763" /><testcase classname="tests.e2e.test_smoke" name="test_health_check" time="0.022" /><testcase classname="tests.e2e.test_smoke" name="test_admin_login" time="0.546" /><testcase classname="tests.e2e.test_smoke" name="test_create_meeting_smoke" time="0.716" /><testcase classname="tests.e2e.test_smoke" name="test_action_status_update_smoke" time="0.897" /><testcase classname="tests.e2e.test_smoke" name="test_api_endpoints_responsive" time="0.545" /><testcase classname="tests.e2e.test_tier2_pipeline_hardening" name="test_tier24_webhook_idempotency_egress_ended" time="0.072" /><testcase classname="tests.e2e.test_tier2_pipeline_hardening" name="test_tier24_webhook_idempotency_egress_failed" time="0.070" /><testcase classname="tests.e2e.test_tier2_pipeline_hardening" name="test_tier24_different_egress_ids_not_deduplicated" time="0.123" /><testcase classname="tests.e2e.test_tier2_pipeline_hardening" name="test_tier21_22_23_pipeline_completes" time="18.935" /></testsuite></testsuites>